Not Found: /favicon.ico
Invalid HTTP_HOST header: ''. The domain name provided is not valid according to RFC 1034/1035.
Bad Request: /
Not Found: /favicon.ico
Not Found: /favicon.ico
Not Found: /favicon.ico
Not Found: /favicon.ico
Not Found: /owa/auth/logon.aspx
Not Found: /favicon.ico
Not Found: /favicon.ico
Not Found: /GponForm/diag_Form
Not Found: /_ignition/execute-solution
Not Found: /api/jsonws/invoke
Not Found: /vendor/phpunit/phpunit/src/Util/PHP/eval-stdin.php
Not Found: /index.php
Not Found: /vendor/phpunit/phpunit/src/Util/PHP/eval-stdin.php
Not Found: /mifs/.;/services/LogService
Not Found: /wp-content/plugins/wp-file-manager/readme.txt
Not Found: /console/
Not Found: /Autodiscover/Autodiscover.xml
Not Found: /_ignition/execute-solution
Not Found: /robots.txt
Not Found: /humans.txt
Not Found: /ads.txt
Not Found: /GponForm/diag_Form
Not Found: /robots.txt
Not Found: /sitemap.xml
Not Found: /.well-known/security.txt
Not Found: /favicon.ico
Not Found: /ReportServer
Not Found: /login
Not Found: /favicon.ico
Not Found: /ecp/Current/exporttool/microsoft.exchange.ediscovery.exporttool.application
Not Found: /owa/auth/x.js
Not Found: /ecp/Current/exporttool/microsoft.exchange.ediscovery.exporttool.application
Not Found: /owa/auth/logon.aspx
Not Found: /.env
Forbidden (Referer checking failed - no Referer.): /
Not Found: /vendor/phpunit/phpunit/src/Util/PHP/eval-stdin.php
Not Found: /favicon.ico
Not Found: /actuator/health
Not Found: /GponForm/diag_Form
Not Found: /GponForm/diag_Form
Invalid HTTP_HOST header: '34.86.68.175'. You may need to add '34.86.68.175' to ALLOWED_HOSTS.
Bad Request: /
Invalid HTTP_HOST header: '34.86.68.175'. You may need to add '34.86.68.175' to ALLOWED_HOSTS.
Bad Request: /favicon.ico
Invalid HTTP_HOST header: '34.86.68.175'. You may need to add '34.86.68.175' to ALLOWED_HOSTS.
Bad Request: /
Invalid HTTP_HOST header: '34.86.68.175'. You may need to add '34.86.68.175' to ALLOWED_HOSTS.
Bad Request: /
Invalid HTTP_HOST header: '34.86.68.175'. You may need to add '34.86.68.175' to ALLOWED_HOSTS.
Bad Request: /
Invalid HTTP_HOST header: '34.86.68.175'. You may need to add '34.86.68.175' to ALLOWED_HOSTS.
Bad Request: /
Invalid HTTP_HOST header: '34.86.68.175'. You may need to add '34.86.68.175' to ALLOWED_HOSTS.
Bad Request: /
Invalid HTTP_HOST header: '34.86.68.175'. You may need to add '34.86.68.175' to ALLOWED_HOSTS.
Bad Request: /favicon.ico
OSError: LSAPI: Socket read/write error
Invalid HTTP_HOST header: '34.86.68.175'. You may need to add '34.86.68.175' to ALLOWED_HOSTS.
Bad Request: /
Invalid HTTP_HOST header: '34.86.68.175'. You may need to add '34.86.68.175' to ALLOWED_HOSTS.
Bad Request: /favicon.ico
OSError: LSAPI: Socket read/write error
Invalid HTTP_HOST header: '34.86.68.175'. You may need to add '34.86.68.175' to ALLOWED_HOSTS.
Bad Request: /
Invalid HTTP_HOST header: '34.86.68.175'. You may need to add '34.86.68.175' to ALLOWED_HOSTS.
Bad Request: /
Invalid HTTP_HOST header: '34.86.68.175'. You may need to add '34.86.68.175' to ALLOWED_HOSTS.
Bad Request: /
Invalid HTTP_HOST header: '34.86.68.175'. You may need to add '34.86.68.175' to ALLOWED_HOSTS.
Bad Request: /
Invalid HTTP_HOST header: '34.86.68.175'. You may need to add '34.86.68.175' to ALLOWED_HOSTS.
Bad Request: /
Invalid HTTP_HOST header: '34.86.68.175'. You may need to add '34.86.68.175' to ALLOWED_HOSTS.
Bad Request: /
Invalid HTTP_HOST header: '34.86.68.175'. You may need to add '34.86.68.175' to ALLOWED_HOSTS.
Bad Request: /
Invalid HTTP_HOST header: '34.86.68.175'. You may need to add '34.86.68.175' to ALLOWED_HOSTS.
Bad Request: /
Invalid HTTP_HOST header: '34.86.68.175'. You may need to add '34.86.68.175' to ALLOWED_HOSTS.
Bad Request: /favicon.ico
OSError: LSAPI: Socket read/write error
Invalid HTTP_HOST header: '34.86.68.175'. You may need to add '34.86.68.175' to ALLOWED_HOSTS.
Bad Request: /
Invalid HTTP_HOST header: '34.86.68.175'. You may need to add '34.86.68.175' to ALLOWED_HOSTS.
Bad Request: /favicon.ico
OSError: LSAPI: Socket read/write error
Invalid HTTP_HOST header: '34.86.68.175'. You may need to add '34.86.68.175' to ALLOWED_HOSTS.
Bad Request: /
Invalid HTTP_HOST header: '34.86.68.175'. You may need to add '34.86.68.175' to ALLOWED_HOSTS.
Bad Request: /
Invalid HTTP_HOST header: '34.86.68.175'. You may need to add '34.86.68.175' to ALLOWED_HOSTS.
Bad Request: /favicon.ico
OSError: LSAPI: Socket read/write error
Invalid HTTP_HOST header: '34.86.68.175'. You may need to add '34.86.68.175' to ALLOWED_HOSTS.
Bad Request: /
Invalid HTTP_HOST header: '34.86.68.175'. You may need to add '34.86.68.175' to ALLOWED_HOSTS.
Bad Request: /
Invalid HTTP_HOST header: '34.86.68.175'. You may need to add '34.86.68.175' to ALLOWED_HOSTS.
Bad Request: /
Invalid HTTP_HOST header: '34.86.68.175'. You may need to add '34.86.68.175' to ALLOWED_HOSTS.
Bad Request: /
Invalid HTTP_HOST header: '34.86.68.175'. You may need to add '34.86.68.175' to ALLOWED_HOSTS.
Bad Request: /favicon.ico
OSError: LSAPI: Socket read/write error
Invalid HTTP_HOST header: '34.86.68.175'. You may need to add '34.86.68.175' to ALLOWED_HOSTS.
Bad Request: /
Invalid HTTP_HOST header: '34.86.68.175'. You may need to add '34.86.68.175' to ALLOWED_HOSTS.
Bad Request: /
Invalid HTTP_HOST header: '34.86.68.175'. You may need to add '34.86.68.175' to ALLOWED_HOSTS.
Bad Request: /
Invalid HTTP_HOST header: '34.86.68.175'. You may need to add '34.86.68.175' to ALLOWED_HOSTS.
Bad Request: /favicon.ico
OSError: LSAPI: Socket read/write error
Invalid HTTP_HOST header: '34.86.68.175'. You may need to add '34.86.68.175' to ALLOWED_HOSTS.
Bad Request: /
Invalid HTTP_HOST header: '34.86.68.175'. You may need to add '34.86.68.175' to ALLOWED_HOSTS.
Bad Request: /
Invalid HTTP_HOST header: '34.86.68.175'. You may need to add '34.86.68.175' to ALLOWED_HOSTS.
Bad Request: /
Invalid HTTP_HOST header: '34.86.68.175'. You may need to add '34.86.68.175' to ALLOWED_HOSTS.
Bad Request: /
Invalid HTTP_HOST header: '34.86.68.175'. You may need to add '34.86.68.175' to ALLOWED_HOSTS.
Bad Request: /
Invalid HTTP_HOST header: 'weguide.in'. You may need to add 'weguide.in' to ALLOWED_HOSTS.
Bad Request: /
Invalid HTTP_HOST header: 'weguide.in'. You may need to add 'weguide.in' to ALLOWED_HOSTS.
Bad Request: /favicon.ico
Invalid HTTP_HOST header: '34.86.68.175'. You may need to add '34.86.68.175' to ALLOWED_HOSTS.
Bad Request: /
Invalid HTTP_HOST header: '34.86.68.175'. You may need to add '34.86.68.175' to ALLOWED_HOSTS.
Bad Request: /favicon.ico
OSError: LSAPI: Socket read/write error
Invalid HTTP_HOST header: 'weguide.in'. You may need to add 'weguide.in' to ALLOWED_HOSTS.
Bad Request: /favicon.ico
Invalid HTTP_HOST header: 'weguide.in'. You may need to add 'weguide.in' to ALLOWED_HOSTS.
Bad Request: /
Invalid HTTP_HOST header: 'weguide.in'. You may need to add 'weguide.in' to ALLOWED_HOSTS.
Bad Request: /favicon.ico
Invalid HTTP_HOST header: 'weguide.in'. You may need to add 'weguide.in' to ALLOWED_HOSTS.
Bad Request: /
Invalid HTTP_HOST header: 'weguide.in'. You may need to add 'weguide.in' to ALLOWED_HOSTS.
Bad Request: /favicon.ico
Invalid HTTP_HOST header: 'weguide.in'. You may need to add 'weguide.in' to ALLOWED_HOSTS.
Bad Request: /
Invalid HTTP_HOST header: 'weguide.in'. You may need to add 'weguide.in' to ALLOWED_HOSTS.
Bad Request: /favicon.ico
Invalid HTTP_HOST header: '34.86.68.175'. You may need to add '34.86.68.175' to ALLOWED_HOSTS.
Bad Request: /
Invalid HTTP_HOST header: '34.86.68.175'. You may need to add '34.86.68.175' to ALLOWED_HOSTS.
Bad Request: /
Invalid HTTP_HOST header: '34.86.68.175'. You may need to add '34.86.68.175' to ALLOWED_HOSTS.
Bad Request: /
Invalid HTTP_HOST header: '34.86.68.175'. You may need to add '34.86.68.175' to ALLOWED_HOSTS.
Bad Request: /
Invalid HTTP_HOST header: '34.86.68.175'. You may need to add '34.86.68.175' to ALLOWED_HOSTS.
Bad Request: /favicon.ico
OSError: LSAPI: Socket read/write error
Invalid HTTP_HOST header: '34.86.68.175'. You may need to add '34.86.68.175' to ALLOWED_HOSTS.
Bad Request: /
Invalid HTTP_HOST header: '34.86.68.175'. You may need to add '34.86.68.175' to ALLOWED_HOSTS.
Bad Request: /
Invalid HTTP_HOST header: '34.86.68.175'. You may need to add '34.86.68.175' to ALLOWED_HOSTS.
Bad Request: /
Invalid HTTP_HOST header: '34.86.68.175'. You may need to add '34.86.68.175' to ALLOWED_HOSTS.
Bad Request: /
Invalid HTTP_HOST header: '34.86.68.175'. You may need to add '34.86.68.175' to ALLOWED_HOSTS.
Bad Request: /favicon.ico
Invalid HTTP_HOST header: '34.86.68.175'. You may need to add '34.86.68.175' to ALLOWED_HOSTS.
Bad Request: /docs
Invalid HTTP_HOST header: '34.86.68.175'. You may need to add '34.86.68.175' to ALLOWED_HOSTS.
Bad Request: /docs
Invalid HTTP_HOST header: '34.86.68.175'. You may need to add '34.86.68.175' to ALLOWED_HOSTS.
Bad Request: /
Sentry is attempting to send 10 pending error messages
Waiting up to 2 seconds
Press Ctrl-C to quit
Invalid HTTP_HOST header: '34.86.68.175'. You may need to add '34.86.68.175' to ALLOWED_HOSTS.
Bad Request: /
Sentry is attempting to send 37 pending error messages
Waiting up to 2 seconds
Press Ctrl-C to quit
Not Found: /owa/auth/logon.aspx
Sentry is attempting to send 2 pending error messages
Waiting up to 2 seconds
Press Ctrl-C to quit
Not Found: /scholarships/css/materialize.min.css
Not Found: /ngos/css/materialize.min.css
Sentry is attempting to send 2 pending error messages
Waiting up to 2 seconds
Press Ctrl-C to quit
Not Found: /crowdsourcing/css/materialize.min.css
Not Found: /faq/css/materialize.min.css
Not Found: /faq/css/materialize.min.css
Not Found: /scholarships/css/materialize.min.css
OSError: LSAPI: Socket read/write error
OSError: LSAPI: Socket read/write error
OSError: LSAPI: Socket read/write error
Not Found: /ngos/css/materialize.min.css
Not Found: /ngos/css/materialize.min.css
Not Found: /scholarships/css/materialize.min.css
OSError: LSAPI: Socket read/write error
Not Found: /scholarships/css/materialize.min.css
Sentry is attempting to send 6 pending error messages
Waiting up to 2 seconds
Press Ctrl-C to quit
Sentry is attempting to send 7 pending error messages
Waiting up to 2 seconds
Press Ctrl-C to quit
Not Found: /scholarships/css/materialize.min.css
Not Found: /favicon.ico
Not Found: /scholarships/css/materialize.min.css
Not Found: /scholarships/css/materialize.min.css
Not Found: /scholarships/css/materialize.min.css
Not Found: /scholarships/css/materialize.min.css
Not Found: /scholarships/undefined
Not Found: /ngos/css/materialize.min.css
Not Found: /scholarships/css/materialize.min.css
OSError: LSAPI: Socket read/write error
Not Found: /scholarships/undefined
Not Found: /scholarships/undefined
Not Found: /scholarships/css/materialize.min.css
Not Found: /scholarships/undefined
OSError: LSAPI: Socket read/write error
Not Found: /scholarships/css/materialize.min.css
Not Found: /scholarships/undefined
Not Found: /scholarships/css/materialize.min.css
OSError: LSAPI: Socket read/write error
Not Found: /scholarships/undefined
Not Found: /scholarships/css/materialize.min.css
Not Found: /scholarships/undefined
Not Found: /favicon.ico
Sentry is attempting to send 2 pending error messages
Waiting up to 2 seconds
Press Ctrl-C to quit
Not Found: /favicon.ico
Not Found: /scholarships/css/materialize.min.css
Not Found: /ngos/css/materialize.min.css
Sentry is attempting to send 5 pending error messages
Waiting up to 2 seconds
Press Ctrl-C to quit
Not Found: /ngos/css/materialize.min.css
Not Found: /ngos/css/materialize.min.css
Not Found: /ngos/css/materialize.min.css
Not Found: /scholarships/css/materialize.min.css
Not Found: /scholarships/undefined
Not Found: /scholarships/css/materialize.min.css
Not Found: /scholarships/css/materialize.min.css
Not Found: /favicon.ico
Not Found: /scholarships/css/materialize.min.css
Not Found: /scholarships/css/materialize.min.css
Not Found: /scholarships/css/materialize.min.css
Not Found: /scholarships/undefined
Not Found: /scholarships/css/materialize.min.css
Not Found: /scholarships/css/materialize.min.css
Not Found: /scholarships/css/materialize.min.css
Not Found: /scholarships/css/materialize.min.css
Not Found: /scholarships/css/materialize.min.css
Not Found: /scholarships/css/materialize.min.css
Not Found: /scholarships/css/materialize.min.css
Not Found: /scholarships/css/materialize.min.css
Not Found: /scholarships/css/materialize.min.css
Not Found: /scholarships/css/materialize.min.css
Not Found: /scholarships/undefined
Not Found: /favicon.ico
Not Found: /ngos/css/materialize.min.css
Sentry is attempting to send 2 pending error messages
Waiting up to 2 seconds
Press Ctrl-C to quit
Not Found: /crowdsourcing/css/materialize.min.css
Not Found: /scholarships/css/materialize.min.css
Not Found: /faq/css/materialize.min.css
Not Found: /faq/css/materialize.min.css
Not Found: /scholarships/css/materialize.min.css
OSError: LSAPI: Socket read/write error
Not Found: /scholarships/css/materialize.min.css
Not Found: /scholarships/css/materialize.min.css
Not Found: /scholarships/undefined
OSError: LSAPI: Socket read/write error
Not Found: /scholarships/css/materialize.min.css
Not Found: /scholarships/undefined
Not Found: /scholarships/undefined
Not Found: /scholarships/undefined
Not Found: /scholarships/css/materialize.min.css
Sentry is attempting to send 21 pending error messages
Waiting up to 2 seconds
Press Ctrl-C to quit
Sentry is attempting to send 6 pending error messages
Waiting up to 2 seconds
Press Ctrl-C to quit
Not Found: /scholarships/css/materialize.min.css
Not Found: /favicon.ico
Not Found: /scholarships/css/materialize.min.css
Not Found: /favicon.ico
Not Found: /favicon.ico
Sentry is attempting to send 11 pending error messages
Waiting up to 2 seconds
Press Ctrl-C to quit
Not Found: /scholarships/css/materialize.min.css
Not Found: /scholarships/css/materialize.min.css
Not Found: /ngos/css/materialize.min.css
Not Found: /crowdsourcing/css/materialize.min.css
Not Found: /faq/css/materialize.min.css
Sentry is attempting to send 3 pending error messages
Waiting up to 2 seconds
Press Ctrl-C to quit
Not Found: /favicon.ico
Not Found: /crowdsourcing/css/materialize.min.css
Not Found: /faq/css/materialize.min.css
Not Found: /scholarships/css/materialize.min.css
Not Found: /scholarships/css/materialize.min.css
Not Found: /crowdsourcing/css/materialize.min.css
2021-10-13 20:45:24.827942 [UID:65534][59217] Reached max children process limit: 5, extra: 1, current: 6, busy: 3, please increase LSAPI_CHILDREN.
2021-10-13 20:45:24.928155 [UID:65534][59217] Reached max children process limit: 5, extra: 1, current: 6, busy: 6, please increase LSAPI_CHILDREN.
2021-10-13 20:45:25.028296 [UID:65534][59217] Reached max children process limit: 5, extra: 1, current: 6, busy: 6, please increase LSAPI_CHILDREN.
2021-10-13 20:45:25.128422 [UID:65534][59217] Reached max children process limit: 5, extra: 1, current: 6, busy: 6, please increase LSAPI_CHILDREN.
2021-10-13 20:45:25.228569 [UID:65534][59217] Reached max children process limit: 5, extra: 1, current: 6, busy: 6, please increase LSAPI_CHILDREN.
Sentry is attempting to send 10 pending error messages
Waiting up to 2 seconds
Press Ctrl-C to quit
Not Found: /favicon.ico
Not Found: /scholarships/css/materialize.min.css
Not Found: /ngos/css/materialize.min.css
Sentry is attempting to send 5 pending error messages
Waiting up to 2 seconds
Press Ctrl-C to quit
Sentry is attempting to send 2 pending error messages
Waiting up to 2 seconds
Press Ctrl-C to quit
Sentry is attempting to send 2 pending error messages
Waiting up to 2 seconds
Press Ctrl-C to quit
Sentry is attempting to send 4 pending error messages
Waiting up to 2 seconds
Press Ctrl-C to quit
Sentry is attempting to send 8 pending error messages
Waiting up to 2 seconds
Press Ctrl-C to quit
Sentry is attempting to send 2 pending error messages
Waiting up to 2 seconds
Press Ctrl-C to quit
Sentry is attempting to send 2 pending error messages
Waiting up to 2 seconds
Press Ctrl-C to quit
Sentry is attempting to send 3 pending error messages
Waiting up to 2 seconds
Press Ctrl-C to quit
Sentry is attempting to send 3 pending error messages
Waiting up to 2 seconds
Press Ctrl-C to quit
Sentry is attempting to send 2 pending error messages
Waiting up to 2 seconds
Press Ctrl-C to quit
Sentry is attempting to send 2 pending error messages
Waiting up to 2 seconds
Press Ctrl-C to quit
Sentry is attempting to send 22 pending error messages
Waiting up to 2 seconds
Press Ctrl-C to quit
Sentry is attempting to send 2 pending error messages
Waiting up to 2 seconds
Press Ctrl-C to quit
Sentry is attempting to send 3 pending error messages
Waiting up to 2 seconds
Press Ctrl-C to quit
Sentry is attempting to send 2 pending error messages
Waiting up to 2 seconds
Press Ctrl-C to quit
Sentry is attempting to send 4 pending error messages
Waiting up to 2 seconds
Press Ctrl-C to quit
Sentry is attempting to send 2 pending error messages
Waiting up to 2 seconds
Press Ctrl-C to quit
Sentry is attempting to send 2 pending error messages
Waiting up to 2 seconds
Press Ctrl-C to quit
Sentry is attempting to send 32 pending error messages
Waiting up to 2 seconds
Press Ctrl-C to quit
Sentry is attempting to send 21 pending error messages
Waiting up to 2 seconds
Press Ctrl-C to quit
Sentry is attempting to send 2 pending error messages
Waiting up to 2 seconds
Press Ctrl-C to quit
2021-10-13 21:27:10.737120 [UID:65534][60189] Reached max children process limit: 5, extra: 1, current: 6, busy: 5, please increase LSAPI_CHILDREN.
2021-10-13 21:27:10.837268 [UID:65534][60189] Reached max children process limit: 5, extra: 1, current: 6, busy: 6, please increase LSAPI_CHILDREN.
2021-10-13 21:27:10.937406 [UID:65534][60189] Reached max children process limit: 5, extra: 1, current: 6, busy: 6, please increase LSAPI_CHILDREN.
2021-10-13 21:27:11.037532 [UID:65534][60189] Reached max children process limit: 5, extra: 1, current: 6, busy: 6, please increase LSAPI_CHILDREN.
2021-10-13 21:27:11.137696 [UID:65534][60189] Reached max children process limit: 5, extra: 1, current: 6, busy: 6, please increase LSAPI_CHILDREN.
2021-10-13 21:27:11.237827 [UID:65534][60189] Reached max children process limit: 5, extra: 1, current: 6, busy: 6, please increase LSAPI_CHILDREN.
2021-10-13 21:27:11.337960 [UID:65534][60189] Reached max children process limit: 5, extra: 1, current: 6, busy: 6, please increase LSAPI_CHILDREN.
2021-10-13 21:27:11.438178 [UID:65534][60189] Reached max children process limit: 5, extra: 1, current: 6, busy: 6, please increase LSAPI_CHILDREN.
2021-10-13 21:27:11.538303 [UID:65534][60189] Reached max children process limit: 5, extra: 1, current: 6, busy: 6, please increase LSAPI_CHILDREN.
Sentry is attempting to send 3 pending error messages
Waiting up to 2 seconds
Press Ctrl-C to quit
2021-10-13 21:27:11.638451 [UID:65534][60189] Reached max children process limit: 5, extra: 1, current: 6, busy: 6, please increase LSAPI_CHILDREN.
2021-10-13 21:27:11.738605 [UID:65534][60189] Reached max children process limit: 5, extra: 1, current: 6, busy: 6, please increase LSAPI_CHILDREN.
Sentry is attempting to send 2 pending error messages
Waiting up to 2 seconds
Press Ctrl-C to quit
Sentry is attempting to send 2 pending error messages
Waiting up to 2 seconds
Press Ctrl-C to quit
Sentry is attempting to send 2 pending error messages
Waiting up to 2 seconds
Press Ctrl-C to quit
Sentry is attempting to send 2 pending error messages
Waiting up to 2 seconds
Press Ctrl-C to quit
Sentry is attempting to send 4 pending error messages
Waiting up to 2 seconds
Press Ctrl-C to quit
Sentry is attempting to send 4 pending error messages
Waiting up to 2 seconds
Press Ctrl-C to quit
Sentry is attempting to send 9 pending error messages
Waiting up to 2 seconds
Press Ctrl-C to quit
OSError: LSAPI: Socket read/write error
Sentry is attempting to send 2 pending error messages
Waiting up to 2 seconds
Press Ctrl-C to quit
Sentry is attempting to send 6 pending error messages
Waiting up to 2 seconds
Press Ctrl-C to quit
2021-10-13 21:50:10.264018 [UID:65534][61387] Reached max children process limit: 5, extra: 1, current: 6, busy: 5, please increase LSAPI_CHILDREN.
2021-10-13 21:50:10.364193 [UID:65534][61387] Reached max children process limit: 5, extra: 1, current: 6, busy: 6, please increase LSAPI_CHILDREN.
2021-10-13 21:50:10.464344 [UID:65534][61387] Reached max children process limit: 5, extra: 1, current: 6, busy: 6, please increase LSAPI_CHILDREN.
2021-10-13 21:50:10.564501 [UID:65534][61387] Reached max children process limit: 5, extra: 1, current: 6, busy: 6, please increase LSAPI_CHILDREN.
2021-10-13 21:50:10.664634 [UID:65534][61387] Reached max children process limit: 5, extra: 1, current: 6, busy: 6, please increase LSAPI_CHILDREN.
2021-10-13 21:50:10.764860 [UID:65534][61387] Reached max children process limit: 5, extra: 1, current: 6, busy: 6, please increase LSAPI_CHILDREN.
2021-10-13 21:50:10.864999 [UID:65534][61387] Reached max children process limit: 5, extra: 1, current: 6, busy: 6, please increase LSAPI_CHILDREN.
2021-10-13 21:50:10.965216 [UID:65534][61387] Reached max children process limit: 5, extra: 1, current: 6, busy: 6, please increase LSAPI_CHILDREN.
2021-10-13 21:50:11.065431 [UID:65534][61387] Reached max children process limit: 5, extra: 1, current: 6, busy: 6, please increase LSAPI_CHILDREN.
2021-10-13 21:50:11.165647 [UID:65534][61387] Reached max children process limit: 5, extra: 1, current: 6, busy: 6, please increase LSAPI_CHILDREN.
2021-10-13 21:50:11.265826 [UID:65534][61387] Reached max children process limit: 5, extra: 1, current: 6, busy: 6, please increase LSAPI_CHILDREN.
2021-10-13 21:50:11.365980 [UID:65534][61387] Reached max children process limit: 5, extra: 1, current: 6, busy: 6, please increase LSAPI_CHILDREN.
2021-10-13 21:50:11.466197 [UID:65534][61387] Reached max children process limit: 5, extra: 1, current: 6, busy: 6, please increase LSAPI_CHILDREN.
2021-10-13 21:50:11.566415 [UID:65534][61387] Reached max children process limit: 5, extra: 1, current: 6, busy: 6, please increase LSAPI_CHILDREN.
2021-10-13 21:50:11.666554 [UID:65534][61387] Reached max children process limit: 5, extra: 1, current: 6, busy: 6, please increase LSAPI_CHILDREN.
2021-10-13 21:50:11.766704 [UID:65534][61387] Reached max children process limit: 5, extra: 1, current: 6, busy: 6, please increase LSAPI_CHILDREN.
2021-10-13 21:50:11.866841 [UID:65534][61387] Reached max children process limit: 5, extra: 1, current: 6, busy: 6, please increase LSAPI_CHILDREN.
2021-10-13 21:50:11.966992 [UID:65534][61387] Reached max children process limit: 5, extra: 1, current: 6, busy: 6, please increase LSAPI_CHILDREN.
2021-10-13 21:50:12.067154 [UID:65534][61387] Reached max children process limit: 5, extra: 1, current: 6, busy: 6, please increase LSAPI_CHILDREN.
2021-10-13 21:50:12.167335 [UID:65534][61387] Reached max children process limit: 5, extra: 1, current: 6, busy: 6, please increase LSAPI_CHILDREN.
Sentry is attempting to send 3 pending error messages
Waiting up to 2 seconds
Press Ctrl-C to quit
Sentry is attempting to send 4 pending error messages
Waiting up to 2 seconds
Press Ctrl-C to quit
2021-10-13 21:50:12.267514 [UID:65534][61387] Reached max children process limit: 5, extra: 1, current: 6, busy: 6, please increase LSAPI_CHILDREN.
2021-10-13 21:50:12.367668 [UID:65534][61387] Reached max children process limit: 5, extra: 1, current: 6, busy: 6, please increase LSAPI_CHILDREN.
Sentry is attempting to send 2 pending error messages
Waiting up to 2 seconds
Press Ctrl-C to quit
2021-10-13 21:50:12.467830 [UID:65534][61387] Reached max children process limit: 5, extra: 1, current: 6, busy: 6, please increase LSAPI_CHILDREN.
Sentry is attempting to send 4 pending error messages
Waiting up to 2 seconds
Press Ctrl-C to quit
Sentry is attempting to send 2 pending error messages
Waiting up to 2 seconds
Press Ctrl-C to quit
Sentry is attempting to send 3 pending error messages
Waiting up to 2 seconds
Press Ctrl-C to quit
Sentry is attempting to send 9 pending error messages
Waiting up to 2 seconds
Press Ctrl-C to quit
Sentry is attempting to send 7 pending error messages
Waiting up to 2 seconds
Press Ctrl-C to quit
Sentry is attempting to send 3 pending error messages
Waiting up to 2 seconds
Press Ctrl-C to quit
Sentry is attempting to send 17 pending error messages
Waiting up to 2 seconds
Press Ctrl-C to quit
Sentry is attempting to send 17 pending error messages
Waiting up to 2 seconds
Press Ctrl-C to quit
Sentry is attempting to send 6 pending error messages
Waiting up to 2 seconds
Press Ctrl-C to quit
Sentry is attempting to send 28 pending error messages
Waiting up to 2 seconds
Press Ctrl-C to quit
Sentry is attempting to send 11 pending error messages
Waiting up to 2 seconds
Press Ctrl-C to quit
Sentry is attempting to send 2 pending error messages
Waiting up to 2 seconds
Press Ctrl-C to quit
Sentry is attempting to send 3 pending error messages
Waiting up to 2 seconds
Press Ctrl-C to quit
Sentry is attempting to send 2 pending error messages
Waiting up to 2 seconds
Press Ctrl-C to quit
Sentry is attempting to send 17 pending error messages
Waiting up to 2 seconds
Press Ctrl-C to quit
Sentry is attempting to send 5 pending error messages
Waiting up to 2 seconds
Press Ctrl-C to quit
Sentry is attempting to send 3 pending error messages
Waiting up to 2 seconds
Press Ctrl-C to quit
Sentry is attempting to send 5 pending error messages
Waiting up to 2 seconds
Press Ctrl-C to quit
Sentry is attempting to send 9 pending error messages
Waiting up to 2 seconds
Press Ctrl-C to quit
Sentry is attempting to send 13 pending error messages
Waiting up to 2 seconds
Press Ctrl-C to quit
Sentry is attempting to send 2 pending error messages
Waiting up to 2 seconds
Press Ctrl-C to quit
Sentry is attempting to send 2 pending error messages
Waiting up to 2 seconds
Press Ctrl-C to quit
Sentry is attempting to send 2 pending error messages
Waiting up to 2 seconds
Press Ctrl-C to quit
Sentry is attempting to send 2 pending error messages
Waiting up to 2 seconds
Press Ctrl-C to quit
Sentry is attempting to send 2 pending error messages
Waiting up to 2 seconds
Press Ctrl-C to quit
Sentry is attempting to send 4 pending error messages
Waiting up to 2 seconds
Press Ctrl-C to quit
Sentry is attempting to send 9 pending error messages
Waiting up to 2 seconds
Press Ctrl-C to quit
Sentry is attempting to send 13 pending error messages
Waiting up to 2 seconds
Press Ctrl-C to quit
Sentry is attempting to send 2 pending error messages
Waiting up to 2 seconds
Press Ctrl-C to quit
Sentry is attempting to send 2 pending error messages
Waiting up to 2 seconds
Press Ctrl-C to quit
Sentry is attempting to send 3 pending error messages
Waiting up to 2 seconds
Press Ctrl-C to quit
Sentry is attempting to send 3 pending error messages
Waiting up to 2 seconds
Press Ctrl-C to quit
Sentry is attempting to send 3 pending error messages
Waiting up to 2 seconds
Press Ctrl-C to quit
Sentry is attempting to send 4 pending error messages
Waiting up to 2 seconds
Press Ctrl-C to quit
Sentry is attempting to send 4 pending error messages
Waiting up to 2 seconds
Press Ctrl-C to quit
Sentry is attempting to send 7 pending error messages
Waiting up to 2 seconds
Press Ctrl-C to quit
Sentry is attempting to send 13 pending error messages
Waiting up to 2 seconds
Press Ctrl-C to quit
Sentry is attempting to send 4 pending error messages
Waiting up to 2 seconds
Press Ctrl-C to quit
Sentry is attempting to send 2 pending error messages
Waiting up to 2 seconds
Press Ctrl-C to quit
Sentry is attempting to send 3 pending error messages
Waiting up to 2 seconds
Press Ctrl-C to quit
Sentry is attempting to send 2 pending error messages
Waiting up to 2 seconds
Press Ctrl-C to quit
Sentry is attempting to send 4 pending error messages
Waiting up to 2 seconds
Press Ctrl-C to quit
Sentry is attempting to send 8 pending error messages
Waiting up to 2 seconds
Press Ctrl-C to quit
Sentry is attempting to send 3 pending error messages
Waiting up to 2 seconds
Press Ctrl-C to quit
Sentry is attempting to send 3 pending error messages
Waiting up to 2 seconds
Press Ctrl-C to quit
Sentry is attempting to send 2 pending error messages
Waiting up to 2 seconds
Press Ctrl-C to quit
Sentry is attempting to send 2 pending error messages
Waiting up to 2 seconds
Press Ctrl-C to quit
Sentry is attempting to send 5 pending error messages
Waiting up to 2 seconds
Press Ctrl-C to quit
Sentry is attempting to send 2 pending error messages
Waiting up to 2 seconds
Press Ctrl-C to quit
Sentry is attempting to send 2 pending error messages
Waiting up to 2 seconds
Press Ctrl-C to quit
Sentry is attempting to send 2 pending error messages
Waiting up to 2 seconds
Press Ctrl-C to quit
Sentry is attempting to send 6 pending error messages
Waiting up to 2 seconds
Press Ctrl-C to quit
Sentry is attempting to send 2 pending error messages
Waiting up to 2 seconds
Press Ctrl-C to quit
Sentry is attempting to send 3 pending error messages
Waiting up to 2 seconds
Press Ctrl-C to quit
Sentry is attempting to send 2 pending error messages
Waiting up to 2 seconds
Press Ctrl-C to quit
Sentry is attempting to send 2 pending error messages
Waiting up to 2 seconds
Press Ctrl-C to quit
Sentry is attempting to send 2 pending error messages
Waiting up to 2 seconds
Press Ctrl-C to quit
Sentry is attempting to send 3 pending error messages
Waiting up to 2 seconds
Press Ctrl-C to quit
Sentry is attempting to send 3 pending error messages
Waiting up to 2 seconds
Press Ctrl-C to quit
Sentry is attempting to send 2 pending error messages
Waiting up to 2 seconds
Press Ctrl-C to quit
Sentry is attempting to send 3 pending error messages
Waiting up to 2 seconds
Press Ctrl-C to quit
Sentry is attempting to send 3 pending error messages
Waiting up to 2 seconds
Press Ctrl-C to quit
Sentry is attempting to send 4 pending error messages
Waiting up to 2 seconds
Press Ctrl-C to quit
Sentry is attempting to send 2 pending error messages
Waiting up to 2 seconds
Press Ctrl-C to quit
Sentry is attempting to send 2 pending error messages
Waiting up to 2 seconds
Press Ctrl-C to quit
OSError: LSAPI: Socket read/write error
Sentry is attempting to send 3 pending error messages
Waiting up to 2 seconds
Press Ctrl-C to quit
2021-10-15 17:04:24.135498 [UID:65534][96954] Reached max children process limit: 5, extra: 1, current: 6, busy: 5, please increase LSAPI_CHILDREN.
2021-10-15 17:04:24.235658 [UID:65534][96954] Reached max children process limit: 5, extra: 1, current: 6, busy: 6, please increase LSAPI_CHILDREN.
2021-10-15 17:04:24.335792 [UID:65534][96954] Reached max children process limit: 5, extra: 1, current: 6, busy: 6, please increase LSAPI_CHILDREN.
2021-10-15 17:04:24.435942 [UID:65534][96954] Reached max children process limit: 5, extra: 1, current: 6, busy: 6, please increase LSAPI_CHILDREN.
2021-10-15 17:04:24.536077 [UID:65534][96954] Reached max children process limit: 5, extra: 1, current: 6, busy: 6, please increase LSAPI_CHILDREN.
2021-10-15 17:04:24.636233 [UID:65534][96954] Reached max children process limit: 5, extra: 1, current: 6, busy: 6, please increase LSAPI_CHILDREN.
2021-10-15 17:04:24.736377 [UID:65534][96954] Reached max children process limit: 5, extra: 1, current: 6, busy: 6, please increase LSAPI_CHILDREN.
2021-10-15 17:04:24.836536 [UID:65534][96954] Reached max children process limit: 5, extra: 1, current: 6, busy: 6, please increase LSAPI_CHILDREN.
2021-10-15 17:04:24.936692 [UID:65534][96954] Reached max children process limit: 5, extra: 1, current: 6, busy: 6, please increase LSAPI_CHILDREN.
2021-10-15 17:04:25.036842 [UID:65534][96954] Reached max children process limit: 5, extra: 1, current: 6, busy: 6, please increase LSAPI_CHILDREN.
2021-10-15 17:04:25.136970 [UID:65534][96954] Reached max children process limit: 5, extra: 1, current: 6, busy: 6, please increase LSAPI_CHILDREN.
2021-10-15 17:04:25.200003 [UID:65534][96954] Reached max children process limit: 5, extra: 1, current: 6, busy: 5, please increase LSAPI_CHILDREN.
Sentry is attempting to send 2 pending error messages
Waiting up to 2 seconds
Press Ctrl-C to quit
2021-10-15 17:04:25.300151 [UID:65534][96954] Reached max children process limit: 5, extra: 1, current: 6, busy: 6, please increase LSAPI_CHILDREN.
Sentry is attempting to send 3 pending error messages
Waiting up to 2 seconds
Press Ctrl-C to quit
Sentry is attempting to send 4 pending error messages
Waiting up to 2 seconds
Press Ctrl-C to quit
Sentry is attempting to send 3 pending error messages
Waiting up to 2 seconds
Press Ctrl-C to quit
Sentry is attempting to send 4 pending error messages
Waiting up to 2 seconds
Press Ctrl-C to quit
Sentry is attempting to send 3 pending error messages
Waiting up to 2 seconds
Press Ctrl-C to quit
Sentry is attempting to send 5 pending error messages
Waiting up to 2 seconds
Press Ctrl-C to quit
Sentry is attempting to send 6 pending error messages
Waiting up to 2 seconds
Press Ctrl-C to quit
2021-10-15 18:23:21.165273 [UID:65534][98656] Reached max children process limit: 5, extra: 1, current: 6, busy: 5, please increase LSAPI_CHILDREN.
2021-10-15 18:23:21.265479 [UID:65534][98656] Reached max children process limit: 5, extra: 1, current: 6, busy: 6, please increase LSAPI_CHILDREN.
2021-10-15 18:23:21.365633 [UID:65534][98656] Reached max children process limit: 5, extra: 1, current: 6, busy: 6, please increase LSAPI_CHILDREN.
2021-10-15 18:23:21.465772 [UID:65534][98656] Reached max children process limit: 5, extra: 1, current: 6, busy: 6, please increase LSAPI_CHILDREN.
2021-10-15 18:23:21.565981 [UID:65534][98656] Reached max children process limit: 5, extra: 1, current: 6, busy: 6, please increase LSAPI_CHILDREN.
2021-10-15 18:23:21.666201 [UID:65534][98656] Reached max children process limit: 5, extra: 1, current: 6, busy: 6, please increase LSAPI_CHILDREN.
2021-10-15 18:23:21.766417 [UID:65534][98656] Reached max children process limit: 5, extra: 1, current: 6, busy: 6, please increase LSAPI_CHILDREN.
2021-10-15 18:23:21.866645 [UID:65534][98656] Reached max children process limit: 5, extra: 1, current: 6, busy: 6, please increase LSAPI_CHILDREN.
2021-10-15 18:23:21.966912 [UID:65534][98656] Reached max children process limit: 5, extra: 1, current: 6, busy: 6, please increase LSAPI_CHILDREN.
2021-10-15 18:23:22.067120 [UID:65534][98656] Reached max children process limit: 5, extra: 1, current: 6, busy: 6, please increase LSAPI_CHILDREN.
2021-10-15 18:23:22.167322 [UID:65534][98656] Reached max children process limit: 5, extra: 1, current: 6, busy: 6, please increase LSAPI_CHILDREN.
2021-10-15 18:23:22.267462 [UID:65534][98656] Reached max children process limit: 5, extra: 1, current: 6, busy: 6, please increase LSAPI_CHILDREN.
2021-10-15 18:23:22.367700 [UID:65534][98656] Reached max children process limit: 5, extra: 1, current: 6, busy: 6, please increase LSAPI_CHILDREN.
2021-10-15 18:23:22.467843 [UID:65534][98656] Reached max children process limit: 5, extra: 1, current: 6, busy: 6, please increase LSAPI_CHILDREN.
2021-10-15 18:23:22.567999 [UID:65534][98656] Reached max children process limit: 5, extra: 1, current: 6, busy: 6, please increase LSAPI_CHILDREN.
2021-10-15 18:23:22.668157 [UID:65534][98656] Reached max children process limit: 5, extra: 1, current: 6, busy: 6, please increase LSAPI_CHILDREN.
Sentry is attempting to send 3 pending error messages
Waiting up to 2 seconds
Press Ctrl-C to quit
Sentry is attempting to send 6 pending error messages
Waiting up to 2 seconds
Press Ctrl-C to quit
2021-10-15 18:23:22.768299 [UID:65534][98656] Reached max children process limit: 5, extra: 1, current: 6, busy: 6, please increase LSAPI_CHILDREN.
2021-10-15 18:23:22.868449 [UID:65534][98656] Reached max children process limit: 5, extra: 1, current: 6, busy: 6, please increase LSAPI_CHILDREN.
2021-10-15 18:23:22.968619 [UID:65534][98656] Reached max children process limit: 5, extra: 1, current: 6, busy: 6, please increase LSAPI_CHILDREN.
Sentry is attempting to send 7 pending error messages
Waiting up to 2 seconds
Press Ctrl-C to quit
Sentry is attempting to send 2 pending error messages
Waiting up to 2 seconds
Press Ctrl-C to quit
Sentry is attempting to send 11 pending error messages
Waiting up to 2 seconds
Press Ctrl-C to quit
Sentry is attempting to send 2 pending error messages
Waiting up to 2 seconds
Press Ctrl-C to quit
Sentry is attempting to send 3 pending error messages
Waiting up to 2 seconds
Press Ctrl-C to quit
Sentry is attempting to send 2 pending error messages
Waiting up to 2 seconds
Press Ctrl-C to quit
Sentry is attempting to send 3 pending error messages
Waiting up to 2 seconds
Press Ctrl-C to quit
Sentry is attempting to send 6 pending error messages
Waiting up to 2 seconds
Press Ctrl-C to quit
Sentry is attempting to send 4 pending error messages
Waiting up to 2 seconds
Press Ctrl-C to quit
Sentry is attempting to send 7 pending error messages
Waiting up to 2 seconds
Press Ctrl-C to quit
Sentry is attempting to send 4 pending error messages
Waiting up to 2 seconds
Press Ctrl-C to quit
Sentry is attempting to send 3 pending error messages
Waiting up to 2 seconds
Press Ctrl-C to quit
Sentry is attempting to send 2 pending error messages
Waiting up to 2 seconds
Press Ctrl-C to quit
Sentry is attempting to send 10 pending error messages
Waiting up to 2 seconds
Press Ctrl-C to quit
Sentry is attempting to send 2 pending error messages
Waiting up to 2 seconds
Press Ctrl-C to quit
Sentry is attempting to send 4 pending error messages
Waiting up to 2 seconds
Press Ctrl-C to quit
Sentry is attempting to send 2 pending error messages
Waiting up to 2 seconds
Press Ctrl-C to quit
Sentry is attempting to send 2 pending error messages
Waiting up to 2 seconds
Press Ctrl-C to quit
2021-10-16 16:41:49.253615 [UID:65534][118349] Reached max children process limit: 5, extra: 1, current: 6, busy: 3, please increase LSAPI_CHILDREN.
2021-10-16 16:41:49.353855 [UID:65534][118349] Reached max children process limit: 5, extra: 1, current: 6, busy: 6, please increase LSAPI_CHILDREN.
2021-10-16 16:41:49.453988 [UID:65534][118349] Reached max children process limit: 5, extra: 1, current: 6, busy: 6, please increase LSAPI_CHILDREN.
2021-10-16 16:41:49.554120 [UID:65534][118349] Reached max children process limit: 5, extra: 1, current: 6, busy: 6, please increase LSAPI_CHILDREN.
2021-10-16 16:41:49.654273 [UID:65534][118349] Reached max children process limit: 5, extra: 1, current: 6, busy: 6, please increase LSAPI_CHILDREN.
2021-10-16 16:41:49.754491 [UID:65534][118349] Reached max children process limit: 5, extra: 1, current: 6, busy: 6, please increase LSAPI_CHILDREN.
2021-10-16 16:41:49.854707 [UID:65534][118349] Reached max children process limit: 5, extra: 1, current: 6, busy: 6, please increase LSAPI_CHILDREN.
2021-10-16 16:41:49.954925 [UID:65534][118349] Reached max children process limit: 5, extra: 1, current: 6, busy: 6, please increase LSAPI_CHILDREN.
2021-10-16 16:41:50.055060 [UID:65534][118349] Reached max children process limit: 5, extra: 1, current: 6, busy: 6, please increase LSAPI_CHILDREN.
2021-10-16 16:41:50.155208 [UID:65534][118349] Reached max children process limit: 5, extra: 1, current: 6, busy: 6, please increase LSAPI_CHILDREN.
2021-10-16 16:41:50.255394 [UID:65534][118349] Reached max children process limit: 5, extra: 1, current: 6, busy: 6, please increase LSAPI_CHILDREN.
2021-10-16 16:41:50.355540 [UID:65534][118349] Reached max children process limit: 5, extra: 1, current: 6, busy: 6, please increase LSAPI_CHILDREN.
Sentry is attempting to send 2 pending error messages
Waiting up to 2 seconds
Press Ctrl-C to quit
Sentry is attempting to send 2 pending error messages
Waiting up to 2 seconds
Press Ctrl-C to quit
Sentry is attempting to send 2 pending error messages
Waiting up to 2 seconds
Press Ctrl-C to quit
Sentry is attempting to send 10 pending error messages
Waiting up to 2 seconds
Press Ctrl-C to quit
Sentry is attempting to send 3 pending error messages
Waiting up to 2 seconds
Press Ctrl-C to quit
Sentry is attempting to send 2 pending error messages
Waiting up to 2 seconds
Press Ctrl-C to quit
Sentry is attempting to send 3 pending error messages
Waiting up to 2 seconds
Press Ctrl-C to quit
Sentry is attempting to send 17 pending error messages
Waiting up to 2 seconds
Press Ctrl-C to quit
Sentry is attempting to send 2 pending error messages
Waiting up to 2 seconds
Press Ctrl-C to quit
Sentry is attempting to send 3 pending error messages
Waiting up to 2 seconds
Press Ctrl-C to quit
Sentry is attempting to send 4 pending error messages
Waiting up to 2 seconds
Press Ctrl-C to quit
Sentry is attempting to send 3 pending error messages
Waiting up to 2 seconds
Press Ctrl-C to quit
Sentry is attempting to send 2 pending error messages
Waiting up to 2 seconds
Press Ctrl-C to quit
Sentry is attempting to send 4 pending error messages
Waiting up to 2 seconds
Press Ctrl-C to quit
Sentry is attempting to send 2 pending error messages
Waiting up to 2 seconds
Press Ctrl-C to quit
Sentry is attempting to send 2 pending error messages
Waiting up to 2 seconds
Press Ctrl-C to quit
Sentry is attempting to send 2 pending error messages
Waiting up to 2 seconds
Press Ctrl-C to quit
Sentry is attempting to send 3 pending error messages
Waiting up to 2 seconds
Press Ctrl-C to quit
Sentry is attempting to send 2 pending error messages
Waiting up to 2 seconds
Press Ctrl-C to quit
Sentry is attempting to send 2 pending error messages
Waiting up to 2 seconds
Press Ctrl-C to quit
Sentry is attempting to send 2 pending error messages
Waiting up to 2 seconds
Press Ctrl-C to quit
Sentry is attempting to send 2 pending error messages
Waiting up to 2 seconds
Press Ctrl-C to quit
Sentry is attempting to send 5 pending error messages
Waiting up to 2 seconds
Press Ctrl-C to quit
Sentry is attempting to send 2 pending error messages
Waiting up to 2 seconds
Press Ctrl-C to quit
Sentry is attempting to send 9 pending error messages
Waiting up to 2 seconds
Press Ctrl-C to quit
Sentry is attempting to send 5 pending error messages
Waiting up to 2 seconds
Press Ctrl-C to quit
Sentry is attempting to send 3 pending error messages
Waiting up to 2 seconds
Press Ctrl-C to quit
Sentry is attempting to send 3 pending error messages
Waiting up to 2 seconds
Press Ctrl-C to quit
Sentry is attempting to send 2 pending error messages
Waiting up to 2 seconds
Press Ctrl-C to quit
Sentry is attempting to send 19 pending error messages
Waiting up to 2 seconds
Press Ctrl-C to quit
Sentry is attempting to send 8 pending error messages
Waiting up to 2 seconds
Press Ctrl-C to quit
Sentry is attempting to send 3 pending error messages
Waiting up to 2 seconds
Press Ctrl-C to quit
Sentry is attempting to send 6 pending error messages
Waiting up to 2 seconds
Press Ctrl-C to quit
Sentry is attempting to send 2 pending error messages
Waiting up to 2 seconds
Press Ctrl-C to quit
Sentry is attempting to send 15 pending error messages
Waiting up to 2 seconds
Press Ctrl-C to quit
Sentry is attempting to send 2 pending error messages
Waiting up to 2 seconds
Press Ctrl-C to quit
Sentry is attempting to send 5 pending error messages
Waiting up to 2 seconds
Press Ctrl-C to quit
Sentry is attempting to send 4 pending error messages
Waiting up to 2 seconds
Press Ctrl-C to quit
Sentry is attempting to send 4 pending error messages
Waiting up to 2 seconds
Press Ctrl-C to quit
Sentry is attempting to send 7 pending error messages
Waiting up to 2 seconds
Press Ctrl-C to quit
Sentry is attempting to send 2 pending error messages
Waiting up to 2 seconds
Press Ctrl-C to quit
Sentry is attempting to send 3 pending error messages
Waiting up to 2 seconds
Press Ctrl-C to quit
Sentry is attempting to send 4 pending error messages
Waiting up to 2 seconds
Press Ctrl-C to quit
Sentry is attempting to send 5 pending error messages
Waiting up to 2 seconds
Press Ctrl-C to quit
Sentry is attempting to send 2 pending error messages
Waiting up to 2 seconds
Press Ctrl-C to quit
Sentry is attempting to send 2 pending error messages
Waiting up to 2 seconds
Press Ctrl-C to quit
Sentry is attempting to send 8 pending error messages
Waiting up to 2 seconds
Press Ctrl-C to quit
Sentry is attempting to send 12 pending error messages
Waiting up to 2 seconds
Press Ctrl-C to quit
Sentry is attempting to send 4 pending error messages
Waiting up to 2 seconds
Press Ctrl-C to quit
Sentry is attempting to send 2 pending error messages
Waiting up to 2 seconds
Press Ctrl-C to quit
Sentry is attempting to send 4 pending error messages
Waiting up to 2 seconds
Press Ctrl-C to quit
Sentry is attempting to send 3 pending error messages
Waiting up to 2 seconds
Press Ctrl-C to quit
Sentry is attempting to send 7 pending error messages
Waiting up to 2 seconds
Press Ctrl-C to quit
Sentry is attempting to send 3 pending error messages
Waiting up to 2 seconds
Press Ctrl-C to quit
Sentry is attempting to send 9 pending error messages
Waiting up to 2 seconds
Press Ctrl-C to quit
Sentry is attempting to send 12 pending error messages
Waiting up to 2 seconds
Press Ctrl-C to quit
Sentry is attempting to send 8 pending error messages
Waiting up to 2 seconds
Press Ctrl-C to quit
Sentry is attempting to send 3 pending error messages
Waiting up to 2 seconds
Press Ctrl-C to quit
Sentry is attempting to send 2 pending error messages
Waiting up to 2 seconds
Press Ctrl-C to quit
Sentry is attempting to send 5 pending error messages
Waiting up to 2 seconds
Press Ctrl-C to quit
Sentry is attempting to send 3 pending error messages
Waiting up to 2 seconds
Press Ctrl-C to quit
OSError: LSAPI: Socket read/write error
Sentry is attempting to send 2 pending error messages
Waiting up to 2 seconds
Press Ctrl-C to quit
Sentry is attempting to send 3 pending error messages
Waiting up to 2 seconds
Press Ctrl-C to quit
Sentry is attempting to send 3 pending error messages
Waiting up to 2 seconds
Press Ctrl-C to quit
Sentry is attempting to send 4 pending error messages
Waiting up to 2 seconds
Press Ctrl-C to quit
Sentry is attempting to send 2 pending error messages
Waiting up to 2 seconds
Press Ctrl-C to quit
Sentry is attempting to send 3 pending error messages
Waiting up to 2 seconds
Press Ctrl-C to quit
Sentry is attempting to send 2 pending error messages
Waiting up to 2 seconds
Press Ctrl-C to quit
Sentry is attempting to send 2 pending error messages
Waiting up to 2 seconds
Press Ctrl-C to quit
Sentry is attempting to send 4 pending error messages
Waiting up to 2 seconds
Press Ctrl-C to quit
2021-10-20 16:06:39.432973 [UID:65534][196294] Reached max children process limit: 5, extra: 1, current: 6, busy: 5, please increase LSAPI_CHILDREN.
2021-10-20 16:06:39.533745 [UID:65534][196294] Reached max children process limit: 5, extra: 1, current: 6, busy: 6, please increase LSAPI_CHILDREN.
2021-10-20 16:06:39.633903 [UID:65534][196294] Reached max children process limit: 5, extra: 1, current: 6, busy: 6, please increase LSAPI_CHILDREN.
2021-10-20 16:06:39.734058 [UID:65534][196294] Reached max children process limit: 5, extra: 1, current: 6, busy: 6, please increase LSAPI_CHILDREN.
2021-10-20 16:06:39.834230 [UID:65534][196294] Reached max children process limit: 5, extra: 1, current: 6, busy: 6, please increase LSAPI_CHILDREN.
2021-10-20 16:06:39.934394 [UID:65534][196294] Reached max children process limit: 5, extra: 1, current: 6, busy: 6, please increase LSAPI_CHILDREN.
2021-10-20 16:06:40.034590 [UID:65534][196294] Reached max children process limit: 5, extra: 1, current: 6, busy: 6, please increase LSAPI_CHILDREN.
2021-10-20 16:06:40.134757 [UID:65534][196294] Reached max children process limit: 5, extra: 1, current: 6, busy: 6, please increase LSAPI_CHILDREN.
2021-10-20 16:06:40.234912 [UID:65534][196294] Reached max children process limit: 5, extra: 1, current: 6, busy: 6, please increase LSAPI_CHILDREN.
Sentry is attempting to send 4 pending error messages
Waiting up to 2 seconds
Press Ctrl-C to quit
Sentry is attempting to send 2 pending error messages
Waiting up to 2 seconds
Press Ctrl-C to quit
Sentry is attempting to send 2 pending error messages
Waiting up to 2 seconds
Press Ctrl-C to quit
Sentry is attempting to send 6 pending error messages
Waiting up to 2 seconds
Press Ctrl-C to quit
Sentry is attempting to send 2 pending error messages
Waiting up to 2 seconds
Press Ctrl-C to quit
